date: ugyldig dato "%m%d"
fatal: unable to access 'https://github.com/per-oestergaard/juletog.git/': Could not resolve host: github.com
High Performance MPEG 1.0/2.0/2.5 Audio Player for Layer 1, 2, and 3.
Version 0.3.2-1 (2012/03/25). Written and copyrights by Joe Drew,
now maintained by Nanakos Chrysostomos and others.
Uses code from various people. See 'README' for more!
THIS SOFTWARE COMES WITH ABSOLUTELY NO WARRANTY! USE AT YOUR OWN RISK!

Directory: /home/per/gitwork/juletog/pitrain/sounds
Playing MPEG stream from ALRMBell_Bell_of_a_level_crossing_ID_0899_BSB.mp3 ...
MPEG 1.0 layer III, 320 kbit/s, 48000 Hz mono
                                                                            
[0:02] Decoding of ALRMBell_Bell_of_a_level_crossing_ID_0899_BSB.mp3 finished.
10:15:57
10:16:14
10:16:31
High Performance MPEG 1.0/2.0/2.5 Audio Player for Layer 1, 2, and 3.
Version 0.3.2-1 (2012/03/25). Written and copyrights by Joe Drew,
now maintained by Nanakos Chrysostomos and others.
Uses code from various people. See 'README' for more!
THIS SOFTWARE COMES WITH ABSOLUTELY NO WARRANTY! USE AT YOUR OWN RISK!
Title	: AntonBukser                    Artist :                               
Album	:                                Year	 :                               
Comment :                                Genre :                               

Directory: /home/per/gitwork/juletog/pitrain/sounds
Playing MPEG stream from AntonBukser.mp3 ...
MPEG 1.0 layer III, 64 kbit/s, 48000 Hz mono
                                                                            
[0:04] Decoding of AntonBukser.mp3 finished.
10:16:48
